
[2K[1G[1myarn run v1.22.22[22m
[2K[1G[2m$ next build[22m
   [1m[38;2;173;127;168m▲ Next.js 15.2.4[39m[22m
   - Environments: .env.local, .env.production

 [37m[1m [22m[39m Creating an optimized production build ...
<w> [webpack.cache.PackFileCacheStrategy] Skipped not serializable cache item 'Compilation/modules|javascript/auto|/Users/emmsdan/Repo/hexify/carekonnect-web-monorepo/node_modules/next/dist/build/webpack/loaders/next-flight-css-loader.js??ruleSet[1].rules[13].oneOf[5].use[0]!/Users/emmsdan/Repo/hexify/carekonnect-web-monorepo/node_modules/next/dist/build/webpack/loaders/css-loader/src/index.js??ruleSet[1].rules[13].oneOf[5].use[1]!/Users/emmsdan/Repo/hexify/carekonnect-web-monorepo/node_modules/next/dist/build/webpack/loaders/postcss-loader/src/index.js??ruleSet[1].rules[13].oneOf[5].use[2]!/Users/emmsdan/Repo/hexify/carekonnect-web-monorepo/apps/patients/src/components/payment/paymentSuccessModal/paymentSuccessModal.module.css|ssr': No serializer registered for Warning
<w> while serializing webpack/lib/cache/PackFileCacheStrategy.PackContentItems -> webpack/lib/NormalModule -> Array { 1 items } -> webpack/lib/ModuleWarning -> Warning
 ⚠ Compiled with warnings

./src/components/payment/paymentSuccessModal/paymentSuccessModal.module.css
Warning

(21:3) autoprefixer: start value has mixed support, consider using flex-start instead

Import trace for requested module:
./src/components/payment/paymentSuccessModal/paymentSuccessModal.module.css
./src/components/payment/paymentSuccessModal/index.tsx
./src/components/payment/paymentForm/index.tsx

 [32m[1m✓[22m[39m Compiled successfully
 [37m[1m [22m[39m Skipping validation of types
 [37m[1m [22m[39m Skipping linting
[?25l [37m[1m [22m[39m Collecting page data  [36m.[39m[2K[1G [37m[1m [22m[39m Collecting page data  [36m..[39m[2K[1G [37m[1m [22m[39m Collecting page data  [36m...[39m[2K[1G [37m[1m [22m[39m Collecting page data  [36m.[39m[2K[1G [37m[1m [22m[39m Collecting page data  [36m..[39m[2K[1G [37m[1m [22m[39m Collecting page data  [36m...[39m[2K[1G [37m[1m [22m[39m Collecting page data  [36m.[39m[2K[1G [37m[1m [22m[39m Collecting page data  [36m..[39m[2K[1G [37m[1m [22m[39m Collecting page data  [36m...[39m[2K[1G [37m[1m [22m[39m Collecting page data  [36m.[39m[2K[1G [37m[1m [22m[39m Collecting page data  [36m..[39m[2K[1G [37m[1m [22m[39m Collecting page data  [36m...[39m[2K[1G[?25h [37m[1m [22m[39m Collecting page data     [32m[1m✓[22m[39m Collecting page data 
[?25l [37m[1m [22m[39m Generating static pages (0/31)  [36m[    ][39m[2K[1G [37m[1m [22m[39m Generating static pages (0/31)  [36m[=   ][39m[2K[1G [37m[1m [22m[39m Generating static pages (0/31)  [36m[==  ][39m[2K[1G [37m[1m [22m[39m Generating static pages (0/31)  [36m[=== ][39m[2K[1G [37m[1m [22m[39m Generating static pages (0/31)  [36m[ ===][39m[2K[1G [37m[1m [22m[39m Generating static pages (0/31)  [36m[  ==][39m[2K[1G[?25hError in get dashboard/stats: Error: Dynamic server usage: Route /user/dashboard couldn't be rendered statically because it used `cookies`. See more info here: https://nextjs.org/docs/messages/dynamic-server-error
    at m (.next/server/chunks/2050.js:12:12578)
    at f (.next/server/chunks/5208.js:1:17774)
    at h (.next/server/app/(main)/user/dashboard/(dashboardRouteGroup)/page.js:1:411)
    at D (.next/server/app/(main)/user/dashboard/(dashboardRouteGroup)/page.js:1:27372)
    at stringify (<anonymous>) {
  description: "Route /user/dashboard couldn't be rendered statically because it used `cookies`. See more info here: https://nextjs.org/docs/messages/dynamic-server-error",
  digest: 'DYNAMIC_SERVER_USAGE'
}
Error in get /emergency: Error: Dynamic server usage: Route /user/profile/emergency-contact couldn't be rendered statically because it used `cookies`. See more info here: https://nextjs.org/docs/messages/dynamic-server-error
    at m (.next/server/chunks/2050.js:12:12578)
    at f (.next/server/chunks/5208.js:1:17774)
    at c (.next/server/app/(main)/user/dashboard/(dashboardRouteGroup)/page.js:1:335)
    at u (.next/server/app/(main)/user/dashboard/(dashboardRouteGroup)/page.js:1:1094)
    at l (.next/server/app/(main)/user/profile/emergency-contact/page.js:1:8022)
    at stringify (<anonymous>) {
  description: "Route /user/profile/emergency-contact couldn't be rendered statically because it used `cookies`. See more info here: https://nextjs.org/docs/messages/dynamic-server-error",
  digest: 'DYNAMIC_SERVER_USAGE'
}
https://api.carekonnect.hexifysolutions.com/v1 true
Error in get /appointments: Error: Dynamic server usage: Route /user/dashboard/appointments couldn't be rendered statically because it used `cookies`. See more info here: https://nextjs.org/docs/messages/dynamic-server-error
    at m (.next/server/chunks/2050.js:12:12578)
    at f (.next/server/chunks/5208.js:1:17774)
    at u (.next/server/chunks/2393.js:2:2984)
    at f (.next/server/app/(main)/user/dashboard/(dashboardRouteGroup)/appointments/page.js:1:12895)
    at stringify (<anonymous>) {
  description: "Route /user/dashboard/appointments couldn't be rendered statically because it used `cookies`. See more info here: https://nextjs.org/docs/messages/dynamic-server-error",
  digest: 'DYNAMIC_SERVER_USAGE'
}
Error in get /appointments: Error: Dynamic server usage: Route /user/dashboard/appointments couldn't be rendered statically because it used `cookies`. See more info here: https://nextjs.org/docs/messages/dynamic-server-error
    at m (.next/server/chunks/2050.js:12:12578)
    at f (.next/server/chunks/5208.js:1:17774)
    at u (.next/server/chunks/2393.js:2:2984)
    at m (.next/server/app/(main)/user/dashboard/(dashboardRouteGroup)/appointments/page.js:1:12282)
    at stringify (<anonymous>) {
  description: "Route /user/dashboard/appointments couldn't be rendered statically because it used `cookies`. See more info here: https://nextjs.org/docs/messages/dynamic-server-error",
  digest: 'DYNAMIC_SERVER_USAGE'
}
https://api.carekonnect.hexifysolutions.com/v1 true
Error in get /vitals: Error: Dynamic server usage: Route /user/profile/vitals couldn't be rendered statically because it used `cookies`. See more info here: https://nextjs.org/docs/messages/dynamic-server-error
    at m (.next/server/chunks/2050.js:12:12578)
    at f (.next/server/chunks/5208.js:1:17774)
    at c (.next/server/app/(main)/user/dashboard/(dashboardRouteGroup)/page.js:1:335)
    at m (.next/server/app/(main)/user/dashboard/(dashboardRouteGroup)/page.js:1:743)
    at l (.next/server/app/(main)/user/profile/vitals/page.js:1:2512)
    at stringify (<anonymous>) {
  description: "Route /user/profile/vitals couldn't be rendered statically because it used `cookies`. See more info here: https://nextjs.org/docs/messages/dynamic-server-error",
  digest: 'DYNAMIC_SERVER_USAGE'
}
{
  status: 'success',
  data: {
    meta: {
      total: 128,
      perPage: 10,
      currentPage: 1,
      lastPage: 13,
      firstPage: 1,
      firstPageUrl: '/?page=1',
      lastPageUrl: '/?page=13',
      nextPageUrl: '/?page=2',
      previousPageUrl: null
    },
    data: [
      [Object], [Object],
      [Object], [Object],
      [Object], [Object],
      [Object], [Object],
      [Object], [Object]
    ]
  }
} top specialist data
{
  status: 'success',
  data: {
    meta: {
      total: 128,
      perPage: 10,
      currentPage: 1,
      lastPage: 13,
      firstPage: 1,
      firstPageUrl: '/?page=1',
      lastPageUrl: '/?page=13',
      nextPageUrl: '/?page=2',
      previousPageUrl: null
    },
    data: [
      [Object], [Object],
      [Object], [Object],
      [Object], [Object],
      [Object], [Object],
      [Object], [Object]
    ]
  }
} top specialist data
Error occurred prerendering page "/home". Read more: https://nextjs.org/docs/messages/prerender-error
TypeError: Cannot read properties of undefined (reading 'length')
    at doctor (/Users/emmsdan/Repo/hexify/carekonnect-web-monorepo/apps/patients/.next/server/chunks/6729.js:1:2490)
    at m (/Users/emmsdan/Repo/hexify/carekonnect-web-monorepo/apps/patients/.next/server/chunks/6729.js:1:2889)
    at /Users/emmsdan/Repo/hexify/carekonnect-web-monorepo/apps/patients/.next/server/chunks/6729.js:1:3089
    at Array.map (<anonymous>)
    at w (/Users/emmsdan/Repo/hexify/carekonnect-web-monorepo/apps/patients/.next/server/chunks/6729.js:1:3082)
Export encountered an error on /(main)/home/page: /home, exiting the build.
 [31m[1m⨯[22m[39m Next.js build worker exited with code: 1 and signal: null
[?25h[2K[1G[31merror[39m Command failed with exit code 1.
[2K[1G[34minfo[39m Visit [1mhttps://yarnpkg.com/en/docs/cli/run[22m for documentation about this command.
