
[2K[1G[1myarn run v1.22.22[22m
[2K[1G[2m$ next start -p 6900[22m
   [1m[38;2;173;127;168mâ–² Next.js 15.2.4[39m[22m
   - Local:        http://localhost:6900
   - Network:      http://192.168.100.186:6900

 [32m[1mâœ“[22m[39m Starting...
 [33m[1mâš [22m[39m "next start" does not work with "output: standalone" configuration. Use "node .next/standalone/server.js" instead.
 [32m[1mâœ“[22m[39m Ready in 1158ms
â”Œâ”€â”€â”€â”€â”€â”€â”€â”€â”€â”€â”€â”€â”€â”€â”¬â”€â”€â”€â”€â”€â”€â”€â”€â”€â”€â”€â”€â”€â”€â”€â”€â”€â”€â”€â”€â”€â”€â”€â”€â”€â”€â”€â”€â”€â”€â”€â”€â”€â”€â”€â”€â”€â”€â”€â”€â”€â”€â”€â”€â”€â”€â”€â”€â”€â”€â”
â”‚ (index)      â”‚ Values                                           â”‚
â”œâ”€â”€â”€â”€â”€â”€â”€â”€â”€â”€â”€â”€â”€â”€â”¼â”€â”€â”€â”€â”€â”€â”€â”€â”€â”€â”€â”€â”€â”€â”€â”€â”€â”€â”€â”€â”€â”€â”€â”€â”€â”€â”€â”€â”€â”€â”€â”€â”€â”€â”€â”€â”€â”€â”€â”€â”€â”€â”€â”€â”€â”€â”€â”€â”€â”€â”¤
â”‚ URL          â”‚ [32m'https://api.carekonnect.hexifysolutions.com/v1'[39m â”‚
â”‚ isProduction â”‚ [33mtrue[39m                                             â”‚
â””â”€â”€â”€â”€â”€â”€â”€â”€â”€â”€â”€â”€â”€â”€â”´â”€â”€â”€â”€â”€â”€â”€â”€â”€â”€â”€â”€â”€â”€â”€â”€â”€â”€â”€â”€â”€â”€â”€â”€â”€â”€â”€â”€â”€â”€â”€â”€â”€â”€â”€â”€â”€â”€â”€â”€â”€â”€â”€â”€â”€â”€â”€â”€â”€â”€â”˜
â”Œâ”€â”€â”€â”€â”€â”€â”€â”€â”€â”€â”€â”€â”€â”€â”¬â”€â”€â”€â”€â”€â”€â”€â”€â”€â”€â”€â”€â”€â”€â”€â”€â”€â”€â”€â”€â”€â”€â”€â”€â”€â”€â”€â”€â”€â”€â”€â”€â”€â”€â”€â”€â”€â”€â”€â”€â”€â”€â”€â”€â”€â”€â”€â”€â”€â”€â”
â”‚ (index)      â”‚ Values                                           â”‚
â”œâ”€â”€â”€â”€â”€â”€â”€â”€â”€â”€â”€â”€â”€â”€â”¼â”€â”€â”€â”€â”€â”€â”€â”€â”€â”€â”€â”€â”€â”€â”€â”€â”€â”€â”€â”€â”€â”€â”€â”€â”€â”€â”€â”€â”€â”€â”€â”€â”€â”€â”€â”€â”€â”€â”€â”€â”€â”€â”€â”€â”€â”€â”€â”€â”€â”€â”¤
â”‚ URL          â”‚ [32m'https://api.carekonnect.hexifysolutions.com/v1'[39m â”‚
â”‚ isProduction â”‚ [33mtrue[39m                                             â”‚
â””â”€â”€â”€â”€â”€â”€â”€â”€â”€â”€â”€â”€â”€â”€â”´â”€â”€â”€â”€â”€â”€â”€â”€â”€â”€â”€â”€â”€â”€â”€â”€â”€â”€â”€â”€â”€â”€â”€â”€â”€â”€â”€â”€â”€â”€â”€â”€â”€â”€â”€â”€â”€â”€â”€â”€â”€â”€â”€â”€â”€â”€â”€â”€â”€â”€â”˜
ReferenceError: window is not defined
    at 84062 (.next/server/app/(main)/doctor/payment/page.js:1:45718)
    at Function.t (.next/server/webpack-runtime.js:1:143)
 [31m[1mâ¨¯[22m[39m unhandledRejection:  ReferenceError: window is not defined
    at 84062 (.next/server/app/(main)/doctor/payment/page.js:1:45718)
    at Function.t (.next/server/webpack-runtime.js:1:143)
{
  id: [32m'f8d3f6b9-1c2e-4c0a-b3df-99e650b0e3e4'[39m,
  brandId: [32m'96204119-ca27-458f-aa66-e45c56d7ef2f'[39m,
  colors: {
    primary: [32m'#92940a'[39m,
    secondary: [32m'#007bff'[39m,
    accentPrimary: [32m'#f1ede9'[39m,
    accentSecondary: [32m'#561515'[39m
  },
  fonts: {
    bodyFontFamily: [32m'Open Sans'[39m,
    titleFontFamily: [32m'Merriweather'[39m,
    primaryFontFamily: [32m'Montserrat'[39m
  },
  images: {
    logo: [32m'https://carekonnectdev.blob.core.windows.net/carekonnect-dev/general-assets/1750093797003/1750093797003.png'[39m,
    appIcon: [32m'twitter-x-seeklogo-2.svg'[39m,
    logoIcon: [32m'https://carekonnectdev.blob.core.windows.net/carekonnect-dev/general-assets/1750093843542/1750093843542.png'[39m,
    whiteLogo: [32m'https://carekonnectdev.blob.core.windows.net/carekonnect-dev/general-assets/1749844505611/1749844505611.png'[39m,
    logoIconWhite: [32m'https://carekonnectdev.blob.core.windows.net/app-assets/logo-icon-white.svg'[39m,
    loginBackground: [32m'https://carekonnectdev.blob.core.windows.net/app-assets/onboarding-image-2.png'[39m,
    signupBackground: [32m'https://carekonnectdev.blob.core.windows.net/app-assets/onboarding-image-3.png'[39m,
    splashScreenImage: [32m'https://carekonnectdev.blob.core.windows.net/carekonnect-dev/general-assets/1749892326473/1749892326474.png'[39m
  },
  content: {
    footerText: [32m'Product of Lex Medical'[39m,
    companyName: [32m'CareKonnect'[39m,
    hidePoweredBy: [32m'false'[39m,
    loginPageText: [32m'Login to access world class medical'[39m,
    poweredByText: [32m'CareKonnect'[39m,
    socialLoginEnabled: [33mtrue[39m,
    passwordResetEnabled: [33mtrue[39m,
    pushNotificationBrandingText: [32m'CareKonnect'[39m
  },
  urls: {
    twitter: [32m'http://x.com/sponsor'[39m,
    youtube: [32m'http://youtube.com/sponsor'[39m,
    facebook: [32m'http://linkedin.com/in/sponsor'[39m,
    supportUrl: [32m'https://carekonnectdev.blob.core.windows.net'[39m,
    supportEmail: [32m'support@example.com'[39m,
    helpCenterUrl: [32m'helpCenter@example.com'[39m,
    helpCenterEmail: [32m'https://carekonnectdev.blob.core.windows.net'[39m,
    privacyPolicyUrl: [32m'https://carekonnectdev.blob.core.windows.net'[39m,
    termsOfServiceUrl: [32m'https://carekonnectdev.blob.core.windows.net'[39m,
    privacyPolicyEmail: [32m'privacyPolicy@example.com'[39m,
    termsOfServiceEmail: [32m'termsOfService@example.com'[39m
  },
  features: {
    permissions: [
      [32m'all'[39m,           [32m'doctor'[39m,
      [32m'hospital'[39m,      [32m'patient'[39m,
      [32m'lab'[39m,           [32m'pharmacy'[39m,
      [32m'god'[39m,           [32m'laboratory'[39m,
      [32m'ai'[39m,            [32m'hmo'[39m,
      [32m'branding'[39m,      [32m'lex'[39m,
      [32m'wallet'[39m,        [32m'chat'[39m,
      [32m'announcements'[39m, [32m'app'[39m,
      [32m'help_center'[39m
    ]
  },
  createdAt: [32m'2025-06-11T19:00:52.874+00:00'[39m,
  updatedAt: [32m'2025-06-17T12:42:58.363+00:00'[39m,
  deletedAt: [1mnull[22m
} spsps
{
  id: [32m'f8d3f6b9-1c2e-4c0a-b3df-99e650b0e3e4'[39m,
  brandId: [32m'96204119-ca27-458f-aa66-e45c56d7ef2f'[39m,
  colors: {
    primary: [32m'#92940a'[39m,
    secondary: [32m'#007bff'[39m,
    accentPrimary: [32m'#f1ede9'[39m,
    accentSecondary: [32m'#561515'[39m
  },
  fonts: {
    bodyFontFamily: [32m'Open Sans'[39m,
    titleFontFamily: [32m'Merriweather'[39m,
    primaryFontFamily: [32m'Montserrat'[39m
  },
  images: {
    logo: [32m'https://carekonnectdev.blob.core.windows.net/carekonnect-dev/general-assets/1750093797003/1750093797003.png'[39m,
    appIcon: [32m'twitter-x-seeklogo-2.svg'[39m,
    logoIcon: [32m'https://carekonnectdev.blob.core.windows.net/carekonnect-dev/general-assets/1750093843542/1750093843542.png'[39m,
    whiteLogo: [32m'https://carekonnectdev.blob.core.windows.net/carekonnect-dev/general-assets/1749844505611/1749844505611.png'[39m,
    logoIconWhite: [32m'https://carekonnectdev.blob.core.windows.net/app-assets/logo-icon-white.svg'[39m,
    loginBackground: [32m'https://carekonnectdev.blob.core.windows.net/app-assets/onboarding-image-2.png'[39m,
    signupBackground: [32m'https://carekonnectdev.blob.core.windows.net/app-assets/onboarding-image-3.png'[39m,
    splashScreenImage: [32m'https://carekonnectdev.blob.core.windows.net/carekonnect-dev/general-assets/1749892326473/1749892326474.png'[39m
  },
  content: {
    footerText: [32m'Product of Lex Medical'[39m,
    companyName: [32m'CareKonnect'[39m,
    hidePoweredBy: [32m'false'[39m,
    loginPageText: [32m'Login to access world class medical'[39m,
    poweredByText: [32m'CareKonnect'[39m,
    socialLoginEnabled: [33mtrue[39m,
    passwordResetEnabled: [33mtrue[39m,
    pushNotificationBrandingText: [32m'CareKonnect'[39m
  },
  urls: {
    twitter: [32m'http://x.com/sponsor'[39m,
    youtube: [32m'http://youtube.com/sponsor'[39m,
    facebook: [32m'http://linkedin.com/in/sponsor'[39m,
    supportUrl: [32m'https://carekonnectdev.blob.core.windows.net'[39m,
    supportEmail: [32m'support@example.com'[39m,
    helpCenterUrl: [32m'helpCenter@example.com'[39m,
    helpCenterEmail: [32m'https://carekonnectdev.blob.core.windows.net'[39m,
    privacyPolicyUrl: [32m'https://carekonnectdev.blob.core.windows.net'[39m,
    termsOfServiceUrl: [32m'https://carekonnectdev.blob.core.windows.net'[39m,
    privacyPolicyEmail: [32m'privacyPolicy@example.com'[39m,
    termsOfServiceEmail: [32m'termsOfService@example.com'[39m
  },
  features: {
    permissions: [
      [32m'all'[39m,           [32m'doctor'[39m,
      [32m'hospital'[39m,      [32m'patient'[39m,
      [32m'lab'[39m,           [32m'pharmacy'[39m,
      [32m'god'[39m,           [32m'laboratory'[39m,
      [32m'ai'[39m,            [32m'hmo'[39m,
      [32m'branding'[39m,      [32m'lex'[39m,
      [32m'wallet'[39m,        [32m'chat'[39m,
      [32m'announcements'[39m, [32m'app'[39m,
      [32m'help_center'[39m
    ]
  },
  createdAt: [32m'2025-06-11T19:00:52.874+00:00'[39m,
  updatedAt: [32m'2025-06-17T12:42:58.363+00:00'[39m,
  deletedAt: [1mnull[22m
} spsps
